Running: fuse.exe -relaunch -intstyle "ise" -incremental -lib "secureip" -o "T:/Lab3_3380/Lab3_memory/singleport_TB_isim_beh.exe" -prj "T:/Lab3_3380/Lab3_memory/singleport_TB_beh.prj" "work.singleport_TB" 
ISim P.68d (signature 0x7708f090)
Number of CPUs detected in this system: 4
Turning on mult-threading, number of parallel sub-compilation jobs: 8 
Determining compilation order of HDL files
Parsing VHDL file "T:/Lab3_3380/Lab3_memory/seven_seg.vhd" into library work
Parsing VHDL file "T:/Lab3_3380/Lab3_memory/mem.vhd" into library work
Parsing VHDL file "T:/Lab3_3380/Lab3_memory/singleport_memory.vhd" into library work
Parsing VHDL file "T:/Lab3_3380/Lab3_memory/singleport_TB.vhd" into library work
Starting static elaboration
Completed static elaboration
Compiling package standard
Compiling package std_logic_1164
Compiling package std_logic_arith
Compiling package std_logic_unsigned
Compiling architecture behavioural of entity singlemem [\singlemem(32,4)\]
Compiling architecture behavioral of entity senv_seg [senv_seg_default]
Compiling architecture behavioral of entity singleport_memory [singleport_memory_default]
Compiling architecture behavior of entity singleport_tb
Time Resolution for simulation is 1ps.
Compiled 11 VHDL Units
Built simulation executable T:/Lab3_3380/Lab3_memory/singleport_TB_isim_beh.exe
Fuse Memory Usage: 33272 KB
Fuse CPU Usage: 421 ms
