Release 14.6 - xst P.68d (nt64)
Copyright (c) 1995-2013 Xilinx, Inc.  All rights reserved.
--> Parameter TMPDIR set to xst/projnav.tmp


Total REAL time to Xst completion: 0.00 secs
Total CPU time to Xst completion: 0.08 secs
 
--> Parameter xsthdpdir set to xst


Total REAL time to Xst completion: 0.00 secs
Total CPU time to Xst completion: 0.08 secs
 
--> Reading design: singlePortMemory.prj

TABLE OF CONTENTS
  1) Synthesis Options Summary
  2) HDL Parsing
  3) HDL Elaboration
  4) HDL Synthesis
       4.1) HDL Synthesis Report
  5) Advanced HDL Synthesis
       5.1) Advanced HDL Synthesis Report
  6) Low Level Synthesis
  7) Partition Report
  8) Design Summary
       8.1) Primitive and Black Box Usage
       8.2) Device utilization summary
       8.3) Partition Resource Summary
       8.4) Timing Report
            8.4.1) Clock Information
            8.4.2) Asynchronous Control Signals Information
            8.4.3) Timing Summary
            8.4.4) Timing Details
            8.4.5) Cross Clock Domains Report


=========================================================================
*                      Synthesis Options Summary                        *
=========================================================================
---- Source Parameters
Input File Name                    : "singlePortMemory.prj"
Ignore Synthesis Constraint File   : NO

---- Target Parameters
Output File Name                   : "singlePortMemory"
Output Format                      : NGC
Target Device                      : xc6slx16-3-csg324

---- Source Options
Top Module Name                    : singlePortMemory
Automatic FSM Extraction           : YES
FSM Encoding Algorithm             : Auto
Safe Implementation                : No
FSM Style                          : LUT
RAM Extraction                     : Yes
RAM Style                          : Auto
ROM Extraction                     : Yes
Shift Register Extraction          : YES
ROM Style                          : Auto
Resource Sharing                   : YES
Asynchronous To Synchronous        : NO
Shift Register Minimum Size        : 2
Use DSP Block                      : Auto
Automatic Register Balancing       : No

---- Target Options
LUT Combining                      : Auto
Reduce Control Sets                : Auto
Add IO Buffers                     : YES
Global Maximum Fanout              : 100000
Add Generic Clock Buffer(BUFG)     : 16
Register Duplication               : YES
Optimize Instantiated Primitives   : NO
Use Clock Enable                   : Auto
Use Synchronous Set                : Auto
Use Synchronous Reset              : Auto
Pack IO Registers into IOBs        : Auto
Equivalent register Removal        : YES

---- General Options
Optimization Goal                  : Speed
Optimization Effort                : 1
Power Reduction                    : NO
Keep Hierarchy                     : No
Netlist Hierarchy                  : As_Optimized
RTL Output                         : Yes
Global Optimization                : AllClockNets
Read Cores                         : YES
Write Timing Constraints           : NO
Cross Clock Analysis               : NO
Hierarchy Separator                : /
Bus Delimiter                      : <>
Case Specifier                     : Maintain
Slice Utilization Ratio            : 100
BRAM Utilization Ratio             : 100
DSP48 Utilization Ratio            : 100
Auto BRAM Packing                  : NO
Slice Utilization Ratio Delta      : 5

=========================================================================


=========================================================================
*                          HDL Parsing                                  *
=========================================================================
Parsing VHDL file "T:\Lab3 - RAM_REG_ALU\Four-Digit_7-Seg_Controller\singlePortMemory.vhd" into library work
Parsing entity <singlePortMemory>.
Parsing architecture <Behavioral> of entity <singleportmemory>.

=========================================================================
*                            HDL Elaboration                            *
=========================================================================

Elaborating entity <singlePortMemory> (architecture <Behavioral>) with generics from library <work>.

=========================================================================
*                           HDL Synthesis                               *
=========================================================================

Synthesizing Unit <singlePortMemory>.
    Related source file is "T:\Lab3 - RAM_REG_ALU\Four-Digit_7-Seg_Controller\singlePortMemory.vhd".
        Dwidth = 16
        Awidth = 8
    Found 16-bit register for signal <DataOut2>.
    Found 16-bit register for signal <DataOut1>.
    Found 256x16-bit dual-port RAM <Mram_memory> for signal <memory>.
    Summary:
	inferred   2 RAM(s).
	inferred  32 D-type flip-flop(s).
	inferred   1 Multiplexer(s).
Unit <singlePortMemory> synthesized.

=========================================================================
HDL Synthesis Report

Macro Statistics
# RAMs                                                 : 2
 256x16-bit dual-port RAM                              : 2
# Registers                                            : 2
 16-bit register                                       : 2
# Multiplexers                                         : 1
 16-bit 2-to-1 multiplexer                             : 1

=========================================================================

=========================================================================
*                       Advanced HDL Synthesis                          *
=========================================================================


Synthesizing (advanced) Unit <singlePortMemory>.
INFO:Xst:3226 - The RAM <Mram_memory> will be implemented as a BLOCK RAM, absorbing the following register(s): <DataOut2>
    -----------------------------------------------------------------------
    | ram_type           | Block                               |          |
    -----------------------------------------------------------------------
    | Port A                                                              |
    |     aspect ratio   | 256-word x 16-bit                   |          |
    |     mode           | read-first                          |          |
    |     clkA           | connected to signal <clk>           | rise     |
    |     weA            | connected to signal <we>            | high     |
    |     addrA          | connected to signal <WriteAddr>     |          |
    |     diA            | connected to signal <DataIn>        |          |
    -----------------------------------------------------------------------
    | optimization       | speed                               |          |
    -----------------------------------------------------------------------
    | Port B                                                              |
    |     aspect ratio   | 256-word x 16-bit                   |          |
    |     mode           | write-first                         |          |
    |     clkB           | connected to signal <clk>           | rise     |
    |     addrB          | connected to signal <ReadAddr2>     |          |
    |     doB            | connected to signal <DataOut2>      |          |
    -----------------------------------------------------------------------
    | optimization       | speed                               |          |
    -----------------------------------------------------------------------
INFO:Xst:3218 - HDL ADVISOR - The RAM <Mram_memory1> will be implemented on LUTs either because you have described an asynchronous read or because of currently unsupported block RAM features. If you have described an asynchronous read, making it synchronous would allow you to take advantage of available block RAM resources, for optimized device usage and improved timings. Please refer to your documentation for coding guidelines.
    -----------------------------------------------------------------------
    | ram_type           | Distributed                         |          |
    -----------------------------------------------------------------------
    | Port A                                                              |
    |     aspect ratio   | 256-word x 16-bit                   |          |
    |     clkA           | connected to signal <clk>           | rise     |
    |     weA            | connected to signal <we>            | high     |
    |     addrA          | connected to signal <WriteAddr>     |          |
    |     diA            | connected to signal <DataIn>        |          |
    -----------------------------------------------------------------------
    | Port B                                                              |
    |     aspect ratio   | 256-word x 16-bit                   |          |
    |     addrB          | connected to signal <ReadAddr1>     |          |
    |     doB            | connected to internal node          |          |
    -----------------------------------------------------------------------
Unit <singlePortMemory> synthesized (advanced).

=========================================================================
Advanced HDL Synthesis Report

Macro Statistics
# RAMs                                                 : 2
 256x16-bit dual-port block RAM                        : 1
 256x16-bit dual-port distributed RAM                  : 1
# Registers                                            : 16
 Flip-Flops                                            : 16
# Multiplexers                                         : 1
 16-bit 2-to-1 multiplexer                             : 1

=========================================================================

=========================================================================
*                         Low Level Synthesis                           *
=========================================================================

Optimizing unit <singlePortMemory> ...

Mapping all equations...
Building and optimizing final netlist ...
Found area constraint ratio of 100 (+ 5) on block singlePortMemory, actual ratio is 0.

Final Macro Processing ...

=========================================================================
Final Register Report

Macro Statistics
# Registers                                            : 16
 Flip-Flops                                            : 16

=========================================================================

=========================================================================
*                           Partition Report                            *
=========================================================================

Partition Implementation Status
-------------------------------

  No Partitions were found in this design.

-------------------------------

=========================================================================
*                            Design Summary                             *
=========================================================================

Top Level Output File Name         : singlePortMemory.ngc

Primitive and Black Box Usage:
------------------------------
# BELS                             : 38
#      GND                         : 1
#      LUT3                        : 20
#      LUT6                        : 16
#      VCC                         : 1
# FlipFlops/Latches                : 16
#      FD                          : 16
# RAMS                             : 25
#      RAM64M                      : 20
#      RAM64X1D                    : 4
#      RAMB8BWER                   : 1
# Clock Buffers                    : 1
#      BUFGP                       : 1
# IO Buffers                       : 73
#      IBUF                        : 41
#      OBUF                        : 32

Device utilization summary:
---------------------------

Selected Device : 6slx16csg324-3 


Slice Logic Utilization: 
 Number of Slice Registers:              16  out of  18224     0%  
 Number of Slice LUTs:                  124  out of   9112     1%  
    Number used as Logic:                36  out of   9112     0%  
    Number used as Memory:               88  out of   2176     4%  
       Number used as RAM:               88

Slice Logic Distribution: 
 Number of LUT Flip Flop pairs used:    124
   Number with an unused Flip Flop:     108  out of    124    87%  
   Number with an unused LUT:             0  out of    124     0%  
   Number of fully used LUT-FF pairs:    16  out of    124    12%  
   Number of unique control sets:         1

IO Utilization: 
 Number of IOs:                          74
 Number of bonded IOBs:                  74  out of    232    31%  

Specific Feature Utilization:
 Number of Block RAM/FIFO:                1  out of     32     3%  
    Number using Block RAM only:          1
 Number of BUFG/BUFGCTRLs:                1  out of     16     6%  

---------------------------
Partition Resource Summary:
---------------------------

  No Partitions were found in this design.

---------------------------


=========================================================================
Timing Report

NOTE: THESE TIMING NUMBERS ARE ONLY A SYNTHESIS ESTIMATE.
      FOR ACCURATE TIMING INFORMATION PLEASE REFER TO THE TRACE REPORT
      GENERATED AFTER PLACE-and-ROUTE.

Clock Information:
------------------
-----------------------------------+------------------------+-------+
Clock Signal                       | Clock buffer(FF name)  | Load  |
-----------------------------------+------------------------+-------+
clk                                | BUFGP                  | 41    |
-----------------------------------+------------------------+-------+

Asynchronous Control Signals Information:
----------------------------------------
No asynchronous control signals found in this design

Timing Summary:
---------------
Speed Grade: -3

   Minimum period: 2.837ns (Maximum Frequency: 352.522MHz)
   Minimum input arrival time before clock: 4.983ns
   Maximum output required time after clock: 5.000ns
   Maximum combinational path delay: No path found

Timing Details:
---------------
All values displayed in nanoseconds (ns)

=========================================================================
Timing constraint: Default period analysis for Clock 'clk'
  Clock period: 2.837ns (frequency: 352.522MHz)
  Total number of paths / destination ports: 64 / 16
-------------------------------------------------------------------------
Delay:               2.837ns (Levels of Logic = 2)
  Source:            Mram_memory12 (RAM)
  Destination:       DataOut1_1 (FF)
  Source Clock:      clk rising
  Destination Clock: clk rising

  Data Path: Mram_memory12 to DataOut1_1
                                Gate     Net
    Cell:in->out      fanout   Delay   Delay  Logical Name (Net Name)
    ----------------------------------------  ------------
     RAM64M:WCLK->DOB      1   0.920   0.827  Mram_memory12 (N16)
     LUT6:I2->O            1   0.203   0.580  Mmux_BUS_0034_DataIn[15]_mux_4_OUT81 (Mmux_BUS_0034_DataIn[15]_mux_4_OUT8)
     LUT3:I2->O            1   0.205   0.000  Mmux_BUS_0034_DataIn[15]_mux_4_OUT82 (BUS_0034_DataIn[15]_mux_4_OUT<1>)
     FD:D                      0.102          DataOut1_1
    ----------------------------------------
    Total                      2.837ns (1.430ns logic, 1.407ns route)
                                       (50.4% logic, 49.6% route)

=========================================================================
Timing constraint: Default OFFSET IN BEFORE for Clock 'clk'
  Total number of paths / destination ports: 426 / 306
-------------------------------------------------------------------------
Offset:              4.983ns (Levels of Logic = 4)
  Source:            ReadAddr1<0> (PAD)
  Destination:       DataOut1_15 (FF)
  Destination Clock: clk rising

  Data Path: ReadAddr1<0> to DataOut1_15
                                Gate     Net
    Cell:in->out      fanout   Delay   Delay  Logical Name (Net Name)
    ----------------------------------------  ------------
     IBUF:I->O            64   1.222   1.639  ReadAddr1_0_IBUF (ReadAddr1_0_IBUF)
     RAM64X1D:DPRA0->DPO    1   0.205   0.827  Mram_memory122 (N129)
     LUT6:I2->O            1   0.203   0.580  Mmux_BUS_0034_DataIn[15]_mux_4_OUT71 (Mmux_BUS_0034_DataIn[15]_mux_4_OUT7)
     LUT3:I2->O            1   0.205   0.000  Mmux_BUS_0034_DataIn[15]_mux_4_OUT72 (BUS_0034_DataIn[15]_mux_4_OUT<15>)
     FD:D                      0.102          DataOut1_15
    ----------------------------------------
    Total                      4.983ns (1.937ns logic, 3.046ns route)
                                       (38.9% logic, 61.1% route)

=========================================================================
Timing constraint: Default OFFSET OUT AFTER for Clock 'clk'
  Total number of paths / destination ports: 32 / 32
-------------------------------------------------------------------------
Offset:              5.000ns (Levels of Logic = 1)
  Source:            Mram_memory (RAM)
  Destination:       DataOut2<15> (PAD)
  Source Clock:      clk rising

  Data Path: Mram_memory to DataOut2<15>
                                Gate     Net
    Cell:in->out      fanout   Delay   Delay  Logical Name (Net Name)
    ----------------------------------------  ------------
     RAMB8BWER:CLKBRDCLK->DOBDO15    1   1.850   0.579  Mram_memory (DataOut2_15_OBUF)
     OBUF:I->O                 2.571          DataOut2_15_OBUF (DataOut2<15>)
    ----------------------------------------
    Total                      5.000ns (4.421ns logic, 0.579ns route)
                                       (88.4% logic, 11.6% route)

=========================================================================

Cross Clock Domains Report:
--------------------------

Clock to Setup on destination clock clk
---------------+---------+---------+---------+---------+
               | Src:Rise| Src:Fall| Src:Rise| Src:Fall|
Source Clock   |Dest:Rise|Dest:Rise|Dest:Fall|Dest:Fall|
---------------+---------+---------+---------+---------+
clk            |    2.837|         |         |         |
---------------+---------+---------+---------+---------+

=========================================================================


Total REAL time to Xst completion: 5.00 secs
Total CPU time to Xst completion: 4.62 secs
 
--> 

Total memory usage is 258144 kilobytes

Number of errors   :    0 (   0 filtered)
Number of warnings :    0 (   0 filtered)
Number of infos    :    2 (   0 filtered)

