Release 14.6 - xst P.68d (nt64)
Copyright (c) 1995-2013 Xilinx, Inc.  All rights reserved.
--> Parameter TMPDIR set to xst/projnav.tmp


Total REAL time to Xst completion: 0.00 secs
Total CPU time to Xst completion: 0.08 secs
 
--> Parameter xsthdpdir set to xst


Total REAL time to Xst completion: 0.00 secs
Total CPU time to Xst completion: 0.08 secs
 
--> Reading design: topLevel.prj

TABLE OF CONTENTS
  1) Synthesis Options Summary
  2) HDL Parsing
  3) HDL Elaboration
  4) HDL Synthesis
       4.1) HDL Synthesis Report
  5) Advanced HDL Synthesis
       5.1) Advanced HDL Synthesis Report
  6) Low Level Synthesis
  7) Partition Report
  8) Design Summary
       8.1) Primitive and Black Box Usage
       8.2) Device utilization summary
       8.3) Partition Resource Summary
       8.4) Timing Report
            8.4.1) Clock Information
            8.4.2) Asynchronous Control Signals Information
            8.4.3) Timing Summary
            8.4.4) Timing Details
            8.4.5) Cross Clock Domains Report


=========================================================================
*                      Synthesis Options Summary                        *
=========================================================================
---- Source Parameters
Input File Name                    : "topLevel.prj"
Ignore Synthesis Constraint File   : NO

---- Target Parameters
Output File Name                   : "topLevel"
Output Format                      : NGC
Target Device                      : xc6slx16-3-csg324

---- Source Options
Top Module Name                    : topLevel
Automatic FSM Extraction           : YES
FSM Encoding Algorithm             : Auto
Safe Implementation                : No
FSM Style                          : LUT
RAM Extraction                     : Yes
RAM Style                          : Auto
ROM Extraction                     : Yes
Shift Register Extraction          : YES
ROM Style                          : Auto
Resource Sharing                   : YES
Asynchronous To Synchronous        : NO
Shift Register Minimum Size        : 2
Use DSP Block                      : Auto
Automatic Register Balancing       : No

---- Target Options
LUT Combining                      : Auto
Reduce Control Sets                : Auto
Add IO Buffers                     : YES
Global Maximum Fanout              : 100000
Add Generic Clock Buffer(BUFG)     : 16
Register Duplication               : YES
Optimize Instantiated Primitives   : NO
Use Clock Enable                   : Auto
Use Synchronous Set                : Auto
Use Synchronous Reset              : Auto
Pack IO Registers into IOBs        : Auto
Equivalent register Removal        : YES

---- General Options
Optimization Goal                  : Speed
Optimization Effort                : 1
Power Reduction                    : NO
Keep Hierarchy                     : No
Netlist Hierarchy                  : As_Optimized
RTL Output                         : Yes
Global Optimization                : AllClockNets
Read Cores                         : YES
Write Timing Constraints           : NO
Cross Clock Analysis               : NO
Hierarchy Separator                : /
Bus Delimiter                      : <>
Case Specifier                     : Maintain
Slice Utilization Ratio            : 100
BRAM Utilization Ratio             : 100
DSP48 Utilization Ratio            : 100
Auto BRAM Packing                  : NO
Slice Utilization Ratio Delta      : 5

=========================================================================


=========================================================================
*                          HDL Parsing                                  *
=========================================================================
Parsing VHDL file "T:\Lab4 - Buses and Peripheral Devices\Buses_and_Peripheral_Devices\sevensegdecoder.vhd" into library work
Parsing entity <SevenSegDecoder>.
Parsing architecture <Behavioral> of entity <sevensegdecoder>.
Parsing VHDL file "T:\Lab4 - Buses and Peripheral Devices\Buses_and_Peripheral_Devices\FourDigitSevenSegController.vhd" into library work
Parsing entity <FourDigitSevenSegController>.
Parsing architecture <Behavioral> of entity <fourdigitsevensegcontroller>.
Parsing VHDL file "T:\Lab4 - Buses and Peripheral Devices\Buses_and_Peripheral_Devices\SevenSegDisplay.vhd" into library work
Parsing entity <SevenSegDisplay>.
Parsing architecture <Structural> of entity <sevensegdisplay>.
Parsing VHDL file "T:\Lab4 - Buses and Peripheral Devices\Buses_and_Peripheral_Devices\DataRegister.vhd" into library work
Parsing entity <DataRegister>.
Parsing architecture <Behavioral> of entity <dataregister>.
Parsing VHDL file "T:\Lab4 - Buses and Peripheral Devices\Buses_and_Peripheral_Devices\ssegwrapper.vhd" into library work
Parsing entity <ssegwrapper>.
Parsing architecture <Structural> of entity <ssegwrapper>.
Parsing VHDL file "T:\Lab4 - Buses and Peripheral Devices\Buses_and_Peripheral_Devices\topLevel.vhd" into library work
Parsing entity <topLevel>.
ERROR:HDLCompiler:806 - "T:\Lab4 - Buses and Peripheral Devices\Buses_and_Peripheral_Devices\topLevel.vhd" Line 26: Syntax error near "digitToDisplay".
Parsing architecture <Structural> of entity <toplevel>.
ERROR:HDLCompiler:374 - "T:\Lab4 - Buses and Peripheral Devices\Buses_and_Peripheral_Devices\topLevel.vhd" Line 29: Entity <toplevel> is not yet compiled.
ERROR:HDLCompiler:69 - "T:\Lab4 - Buses and Peripheral Devices\Buses_and_Peripheral_Devices\topLevel.vhd" Line 31: <x> is not declared.
ERROR:HDLCompiler:69 - "T:\Lab4 - Buses and Peripheral Devices\Buses_and_Peripheral_Devices\topLevel.vhd" Line 33: <x> is not declared.
ERROR:HDLCompiler:69 - "T:\Lab4 - Buses and Peripheral Devices\Buses_and_Peripheral_Devices\topLevel.vhd" Line 54: <mclk> is not declared.
ERROR:HDLCompiler:192 - "T:\Lab4 - Buses and Peripheral Devices\Buses_and_Peripheral_Devices\topLevel.vhd" Line 54: Actual of formal out port digitdisplayed cannot be an expression
ERROR:HDLCompiler:69 - "T:\Lab4 - Buses and Peripheral Devices\Buses_and_Peripheral_Devices\topLevel.vhd" Line 55: <switchbank> is not declared.
ERROR:HDLCompiler:69 - "T:\Lab4 - Buses and Peripheral Devices\Buses_and_Peripheral_Devices\topLevel.vhd" Line 56: <memory> is not declared.
ERROR:HDLCompiler:69 - "T:\Lab4 - Buses and Peripheral Devices\Buses_and_Peripheral_Devices\topLevel.vhd" Line 57: <cpu> is not declared.
VHDL file T:\Lab4 - Buses and Peripheral Devices\Buses_and_Peripheral_Devices\topLevel.vhd ignored due to errors
--> 

Total memory usage is 206948 kilobytes

Number of errors   :    9 (   0 filtered)
Number of warnings :    0 (   0 filtered)
Number of infos    :    0 (   0 filtered)

